# do {tb_display7_compile.do}
# Model Technology ModelSim PE vmap 10.4c Lib Mapping Utility 2015.07 Jul 20 2015
# vmap xil_defaultlib msim/xil_defaultlib 
# Modifying modelsim.ini
# ** Warning: (vlog-159) Mode option -64 is not supported in this context and will be ignored.
# 
# Model Technology ModelSim PE vlog 10.4c Compiler 2015.07 Jul 20 2015
# Start time: 22:25:39 on Dec 25,2025
# vlog -64 -incr -work xil_defaultlib ../../../tj_mp3.srcs/sources_1/new/Divider.v ../../../tj_mp3.srcs/sources_1/new/display7.v ../../../tj_mp3.srcs/sim_1/new/display7_tb.v 
# -- Compiling module Divider
# -- Compiling module display7
# -- Compiling module tb_display7
# 
# Top level modules:
# 	tb_display7
# End time: 22:25:39 on Dec 25,2025, Elapsed time: 0:00:00
# Errors: 0, Warnings: 1
# Model Technology ModelSim PE vlog 10.4c Compiler 2015.07 Jul 20 2015
# Start time: 22:25:39 on Dec 25,2025
# vlog -work xil_defaultlib glbl.v 
# -- Compiling module glbl
# 
# Top level modules:
# 	glbl
# End time: 22:25:39 on Dec 25,2025, Elapsed time: 0:00:00
# Errors: 0, Warnings: 0
