Copyright 1986-2016 Xilinx, Inc. All Rights Reserved.
-------------------------------------------------------------------------------------
| Tool Version : Vivado v.2016.2 (win64) Build 1577090 Thu Jun  2 16:32:40 MDT 2016
| Date         : Thu Dec 25 12:09:49 2025
| Host         : LAPTOP-20AG6CL8 running 64-bit major release  (build 9200)
| Command      : report_control_sets -verbose -file display7_control_sets_placed.rpt
| Design       : display7
| Device       : xc7a100t
-------------------------------------------------------------------------------------

Control Set Information

Table of Contents
-----------------
1. Summary
2. Flip-Flop Distribution
3. Detailed Control Set Information

1. Summary
----------

+----------------------------------------------------------+-------+
|                          Status                          | Count |
+----------------------------------------------------------+-------+
| Number of unique control sets                            |     4 |
| Unused register locations in slices containing registers |    18 |
+----------------------------------------------------------+-------+


2. Flip-Flop Distribution
-------------------------

+--------------+-----------------------+------------------------+-----------------+--------------+
| Clock Enable | Synchronous Set/Reset | Asynchronous Set/Reset | Total Registers | Total Slices |
+--------------+-----------------------+------------------------+-----------------+--------------+
| No           | No                    | No                     |              37 |           20 |
| No           | No                    | Yes                    |               0 |            0 |
| No           | Yes                   | No                     |              33 |            9 |
| Yes          | No                    | No                     |               0 |            0 |
| Yes          | No                    | Yes                    |               0 |            0 |
| Yes          | Yes                   | No                     |               0 |            0 |
+--------------+-----------------------+------------------------+-----------------+--------------+


3. Detailed Control Set Information
-----------------------------------

+----------------+---------------+------------------+------------------+----------------+
|  Clock Signal  | Enable Signal | Set/Reset Signal | Slice Load Count | Bel Load Count |
+----------------+---------------+------------------+------------------+----------------+
|  CLK_IBUF_BUFG |               |                  |                2 |              2 |
|  O_CLK_BUFG    |               | Data_IBUF[0]     |                1 |              2 |
|  CLK_IBUF_BUFG |               | CLKDIV/O_CLK_0   |                8 |             31 |
|  O_CLK_BUFG    |               |                  |               18 |             35 |
+----------------+---------------+------------------+------------------+----------------+


